<?xml version="1.0" encoding="UTF-8"?>
<!-- Generated by org.testng.reporters.JUnitReportReporter -->
<testsuite hostname="LAPTOP-6I0EBU3A" failures="0" tests="3" name="testCases.Search" time="26.948" errors="0" timestamp="2023-09-23T18:22:54 EDT" skipped="0">
  <testcase classname="testCases.Search" name="verifySearchWithValidProduct" time="9.028"/>
  <testcase classname="testCases.Search" name="verifySearchWithInValidProduct" time="8.854"/>
  <testcase classname="testCases.Search" name="verifySearchWithoutAnyProduct" time="9.066"/>
</testsuite> <!-- testCases.Search -->
