<?xml version="1.0" encoding="UTF-8"?>
<!-- Generated by org.testng.reporters.JUnitReportReporter -->
<testsuite hostname="LAPTOP-6I0EBU3A" failures="0" tests="3" name="testCases.Register" time="34.865" errors="0" timestamp="2023-09-23T18:22:54 EDT" skipped="0">
  <testcase classname="testCases.Register" name="RegisterNewAccountWithMandatoryFields" time="11.784"/>
  <testcase classname="testCases.Register" name="RegisterNewAccountWithAllFields" time="12.079"/>
  <testcase classname="testCases.Register" name="RegisterNewAccountWithoutFillingMandatoryFields" time="11.002"/>
</testsuite> <!-- testCases.Register -->
